<?xml version="1.0" encoding="UTF-8"?>
<!-- Generated by org.testng.reporters.JUnitReportReporter -->
<testsuite hostname="LAPTOP-FCL280SQ" name="com.auto.driverscript.DriverScript" tests="1" failures="0" timestamp="16 Feb 2018 23:04:11 GMT" time="0.122" errors="0">
  <testcase name="smoketest" time="0.122" classname="com.auto.driverscript.DriverScript"/>
</testsuite> <!-- com.auto.driverscript.DriverScript -->
