<?xml version="1.0" encoding="UTF-8"?>
<!-- Generated by org.testng.reporters.JUnitReportReporter -->
<testsuite hostname="LAPTOP-FCL280SQ" name="com.auto.driverscript.DriverScript" tests="1" failures="0" timestamp="12 Feb 2018 22:17:58 GMT" time="6.204" errors="0">
  <testcase name="smoketest" time="6.204" classname="com.auto.driverscript.DriverScript"/>
</testsuite> <!-- com.auto.driverscript.DriverScript -->
