<?xml version="1.0" encoding="UTF-8"?>
<!-- Generated by org.testng.reporters.JUnitReportReporter -->
<testsuite hostname="LAPTOP-FCL280SQ" name="com.auto.driverscript.DriverScript" tests="1" failures="0" timestamp="9 Feb 2018 07:03:50 GMT" time="0.005" errors="0">
  <testcase name="smoketest" time="0.005" classname="com.auto.driverscript.DriverScript"/>
</testsuite> <!-- com.auto.driverscript.DriverScript -->
